
===============Init Logging================

12/10/2023 - 20:43:58 	===== Ouverture de session =====
12/10/2023 - 21:14:30 	Début du calcul
12/10/2023 - 21:14:30 	Nombre de positions : 50
12/10/2023 - 21:14:30 	Simulation activée
12/10/2023 - 21:14:31 	Fin du calcul
12/10/2023 - 21:14:32 	Début du calcul
12/10/2023 - 21:14:32 	Nombre de positions : 50
12/10/2023 - 21:14:32 	Simulation activée
12/10/2023 - 21:14:32 	Fin du calcul
12/10/2023 - 21:14:40 	Début du calcul
12/10/2023 - 21:14:40 	Nombre de positions : 50
12/10/2023 - 21:14:40 	Simulation activée
12/10/2023 - 21:14:41 	Fin du calcul
12/10/2023 - 21:14:46 	Début du calcul
12/10/2023 - 21:14:46 	Nombre de positions : 50
12/10/2023 - 21:14:46 	Simulation activée
12/10/2023 - 21:14:47 	Fin du calcul
12/10/2023 - 21:14:54 	Début du calcul
12/10/2023 - 21:14:54 	Nombre de positions : 50
12/10/2023 - 21:14:54 	Simulation activée
12/10/2023 - 21:14:54 	Fin du calcul
12/10/2023 - 21:15:06 	Début du calcul
12/10/2023 - 21:15:06 	Nombre de positions : 50
12/10/2023 - 21:15:06 	Simulation activée
12/10/2023 - 21:15:06 	Fin du calcul
12/10/2023 - 21:15:11 	Début du calcul
12/10/2023 - 21:15:11 	Nombre de positions : 50
12/10/2023 - 21:15:11 	Simulation activée
12/10/2023 - 21:15:12 	Fin du calcul
12/10/2023 - 21:15:13 	Début du calcul
12/10/2023 - 21:15:13 	Nombre de positions : 50
12/10/2023 - 21:15:13 	Simulation activée
12/10/2023 - 21:15:14 	Fin du calcul
12/10/2023 - 21:16:44 	Début du calcul
12/10/2023 - 21:16:44 	Nombre de positions : 50
12/10/2023 - 21:16:44 	Simulation activée
12/10/2023 - 21:16:45 	Fin du calcul
12/10/2023 - 21:16:46 	Début du calcul
12/10/2023 - 21:16:46 	Nombre de positions : 50
12/10/2023 - 21:16:46 	Simulation activée
12/10/2023 - 21:16:46 	Fin du calcul
12/10/2023 - 21:16:51 	Début du calcul
12/10/2023 - 21:16:51 	Nombre de positions : 50
12/10/2023 - 21:16:51 	Simulation activée
12/10/2023 - 21:16:52 	Fin du calcul
12/10/2023 - 21:16:53 	Début du calcul
12/10/2023 - 21:16:53 	Nombre de positions : 50
12/10/2023 - 21:16:53 	Simulation activée
12/10/2023 - 21:16:53 	Fin du calcul
12/10/2023 - 21:16:57 	Début du calcul
12/10/2023 - 21:16:57 	Nombre de positions : 50
12/10/2023 - 21:16:57 	Simulation activée
12/10/2023 - 21:16:58 	Fin du calcul
12/10/2023 - 21:16:59 	Début du calcul
12/10/2023 - 21:16:59 	Nombre de positions : 50
12/10/2023 - 21:16:59 	Simulation activée
12/10/2023 - 21:17:00 	Fin du calcul
12/10/2023 - 21:17:01 	Début du calcul
12/10/2023 - 21:17:01 	Nombre de positions : 50
12/10/2023 - 21:17:01 	Simulation activée
12/10/2023 - 21:17:01 	Fin du calcul
12/10/2023 - 21:17:04 	Début du calcul
12/10/2023 - 21:17:04 	Nombre de positions : 50
12/10/2023 - 21:17:04 	Simulation activée
12/10/2023 - 21:17:05 	Fin du calcul
12/10/2023 - 21:17:06 	Début du calcul
12/10/2023 - 21:17:06 	Nombre de positions : 50
12/10/2023 - 21:17:06 	Simulation activée
12/10/2023 - 21:17:07 	Fin du calcul
12/10/2023 - 21:17:12 	Début du calcul
12/10/2023 - 21:17:12 	Nombre de positions : 50
12/10/2023 - 21:17:12 	Simulation activée
12/10/2023 - 21:17:13 	Fin du calcul
12/10/2023 - 21:17:14 	Début du calcul
12/10/2023 - 21:17:14 	Nombre de positions : 50
12/10/2023 - 21:17:14 	Simulation activée
12/10/2023 - 21:17:14 	Fin du calcul
12/10/2023 - 21:17:15 	Début du calcul
12/10/2023 - 21:17:15 	Nombre de positions : 50
12/10/2023 - 21:17:15 	Simulation activée
12/10/2023 - 21:17:15 	Fin du calcul
12/10/2023 - 21:17:47 	Début du calcul
12/10/2023 - 21:17:47 	Nombre de positions : 50
12/10/2023 - 21:17:47 	Simulation activée
12/10/2023 - 21:17:47 	Fin du calcul
12/10/2023 - 21:17:48 	Début du calcul
12/10/2023 - 21:17:48 	Nombre de positions : 50
12/10/2023 - 21:17:48 	Simulation activée
12/10/2023 - 21:17:49 	Fin du calcul
12/10/2023 - 21:18:41 	Début du calcul
12/10/2023 - 21:18:41 	Nombre de positions : 50
12/10/2023 - 21:18:41 	Simulation activée
12/10/2023 - 21:18:42 	Fin du calcul
12/10/2023 - 21:18:43 	Début du calcul
12/10/2023 - 21:18:43 	Nombre de positions : 50
12/10/2023 - 21:18:43 	Simulation activée
12/10/2023 - 21:18:43 	Fin du calcul
12/10/2023 - 21:18:54 	Début du calcul
12/10/2023 - 21:18:54 	Nombre de positions : 50
12/10/2023 - 21:18:54 	Simulation activée
12/10/2023 - 21:18:54 	Fin du calcul
12/10/2023 - 21:19:12 	Début du calcul
12/10/2023 - 21:19:12 	Nombre de positions : 50
12/10/2023 - 21:19:12 	Simulation activée
12/10/2023 - 21:19:12 	Fin du calcul
12/10/2023 - 21:19:13 	Début du calcul
12/10/2023 - 21:19:13 	Nombre de positions : 50
12/10/2023 - 21:19:13 	Simulation activée
12/10/2023 - 21:19:14 	Fin du calcul
12/10/2023 - 21:19:15 	Début du calcul
12/10/2023 - 21:19:15 	Nombre de positions : 50
12/10/2023 - 21:19:15 	Simulation activée
12/10/2023 - 21:19:15 	Fin du calcul
12/10/2023 - 21:19:21 	Début du calcul
12/10/2023 - 21:19:21 	Nombre de positions : 50
12/10/2023 - 21:19:21 	Simulation activée
12/10/2023 - 21:19:22 	Fin du calcul
12/10/2023 - 22:47:42 	===== Fermeture de session =====

===============Finish Logging================


===============Init Logging================

13/10/2023 - 09:51:14 	===== Ouverture de session =====
13/10/2023 - 10:07:19 	Début du calcul
13/10/2023 - 10:07:19 	Nombre de positions : 50
13/10/2023 - 10:07:19 	Simulation activée
13/10/2023 - 10:07:19 	Fin du calcul
13/10/2023 - 10:07:20 	Début du calcul
13/10/2023 - 10:07:20 	Nombre de positions : 50
13/10/2023 - 10:07:20 	Simulation activée
13/10/2023 - 10:07:21 	Fin du calcul
13/10/2023 - 10:07:27 	Début du calcul
13/10/2023 - 10:07:27 	Nombre de positions : 50
13/10/2023 - 10:07:27 	Simulation activée
13/10/2023 - 10:07:27 	Fin du calcul
13/10/2023 - 10:07:28 	Début du calcul
13/10/2023 - 10:07:28 	Nombre de positions : 50
13/10/2023 - 10:07:28 	Simulation activée
13/10/2023 - 10:07:28 	Fin du calcul
13/10/2023 - 10:07:31 	Début du calcul
13/10/2023 - 10:07:31 	Nombre de positions : 50
13/10/2023 - 10:07:31 	Simulation activée
13/10/2023 - 10:07:31 	Fin du calcul
13/10/2023 - 10:07:33 	Début du calcul
13/10/2023 - 10:07:33 	Nombre de positions : 50
13/10/2023 - 10:07:33 	Simulation activée
13/10/2023 - 10:07:33 	Fin du calcul
13/10/2023 - 10:07:34 	Début du calcul
13/10/2023 - 10:07:34 	Nombre de positions : 50
13/10/2023 - 10:07:34 	Simulation activée
13/10/2023 - 10:07:34 	Fin du calcul
13/10/2023 - 10:10:52 	Début du calcul
13/10/2023 - 10:10:52 	Nombre de positions : 50
13/10/2023 - 10:10:52 	Simulation activée
13/10/2023 - 10:10:52 	Fin du calcul
13/10/2023 - 11:21:34 	Début du calcul
13/10/2023 - 11:21:34 	Nombre de positions : 50
13/10/2023 - 11:21:34 	Simulation activée
13/10/2023 - 11:21:34 	Fin du calcul
13/10/2023 - 11:21:50 	Début du calcul
13/10/2023 - 11:21:50 	Nombre de positions : 50
13/10/2023 - 11:21:50 	Simulation activée
13/10/2023 - 11:21:50 	Fin du calcul
13/10/2023 - 14:44:15 	===== Fermeture de session =====

===============Finish Logging================


===============Init Logging================

16/10/2023 - 16:26:30 	===== Ouverture de session =====
16/10/2023 - 16:28:26 	===== Fermeture de session =====

===============Finish Logging================

